<?xml version="1.0" encoding="UTF-8"?>
<testsuite name="com.csc.TestTriangleNumberCalculator" tests="5" skipped="0" failures="0" errors="0" timestamp="2024-11-01T01:15:15" hostname="Bens-Air.attlocal.net" time="0.01">
  <properties/>
  <testcase name="divideNthAndMthTriangleNumber()" classname="com.csc.TestTriangleNumberCalculator" time="0.006"/>
  <testcase name="subtractNthAndMthTriangleNumber()" classname="com.csc.TestTriangleNumberCalculator" time="0.001"/>
  <testcase name="nthTriangleNumber()" classname="com.csc.TestTriangleNumberCalculator" time="0.0"/>
  <testcase name="addNthAndMthTriangleNumber()" classname="com.csc.TestTriangleNumberCalculator" time="0.0"/>
  <testcase name="multiplyNthAndMthTriangleNumber()" classname="com.csc.TestTriangleNumberCalculator" time="0.0"/>
  <system-out><![CDATA[]]></system-out>
  <system-err><![CDATA[]]></system-err>
</testsuite>
